<?xml version="1.0" encoding="UTF-8"?>
<!-- Generated by org.testng.reporters.JUnitReportReporter -->
<testsuite hostname="PG014UCR" name="runner.com.cdNewCar.AndroidWebFramework.CDNewCarVerificationRunner" tests="1" failures="0" timestamp="15 May 2018 14:13:06 GMT" time="6.717" errors="0">
  <testcase name="runCukes" time="6.717" classname="runner.com.cdNewCar.AndroidWebFramework.CDNewCarVerificationRunner"/>
</testsuite> <!-- runner.com.cdNewCar.AndroidWebFramework.CDNewCarVerificationRunner -->
