<?xml version="1.0" encoding="UTF-8"?>
<!-- Generated by org.testng.reporters.JUnitReportReporter -->
<testsuite hostname="PG014UCR" name="runner.com.cdNewCar.AndroidWebFramework.CDNewCarVerificationRunner" tests="1" failures="0" timestamp="24 May 2018 05:56:16 GMT" time="81.242" errors="0">
  <testcase name="runCukes" time="81.242" classname="runner.com.cdNewCar.AndroidWebFramework.CDNewCarVerificationRunner"/>
</testsuite> <!-- runner.com.cdNewCar.AndroidWebFramework.CDNewCarVerificationRunner -->
