<?xml version="1.0" encoding="UTF-8"?>
<!-- Generated by org.testng.reporters.JUnitReportReporter -->
<testsuite hostname="PG014UCR" name="runner.com.cdNewCar.AndroidWebFramework.CDNewCarVerificationRunner" tests="1" failures="0" timestamp="19 May 2018 07:46:48 GMT" time="111.677" errors="0">
  <testcase name="runCukes" time="111.677" classname="runner.com.cdNewCar.AndroidWebFramework.CDNewCarVerificationRunner"/>
</testsuite> <!-- runner.com.cdNewCar.AndroidWebFramework.CDNewCarVerificationRunner -->
