<?xml version="1.0" encoding="UTF-8"?>
<!-- Generated by org.testng.reporters.JUnitReportReporter -->
<testsuite hostname="PG014UCR" name="runner.com.cdNewCar.AndroidWebFramework.Runner_NewCarVerification" tests="1" failures="0" timestamp="29 May 2018 14:22:48 GMT" time="0.390" errors="0">
  <testcase name="runCukes" time="0.390" classname="runner.com.cdNewCar.AndroidWebFramework.Runner_NewCarVerification"/>
</testsuite> <!-- runner.com.cdNewCar.AndroidWebFramework.Runner_NewCarVerification -->
